<?xml version="1.0" encoding="UTF-8"?>
<!-- Generated by org.testng.reporters.JUnitXMLReporter -->
<testsuite hostname="OSO-DTP-057" name="c" tests="3" failures="0" timestamp="17 Oct 2016 05:01:21 GMT" time="42.115" errors="0">
  <testcase name="Login" time="0.072" classname="ELC.Exit.Yogesh.ExitForm"/>
  <testcase name="PageOpen" time="8.384" classname="ELC.Exit.Yogesh.ExitForm"/>
  <testcase name="ResignationData" time="12.0" classname="ELC.Exit.Yogesh.ExitForm"/>
</testsuite> <!-- c -->
