<?xml version="1.0" encoding="UTF-8"?>
<!-- Generated by org.testng.reporters.JUnitXMLReporter -->
<testsuite hostname="OSO-DTP-057" name="e" tests="4" failures="0" timestamp="17 Oct 2016 05:05:50 GMT" time="46.214" errors="0">
  <testcase name="Login" time="0.057" classname="ELC.Exit.Yogesh.LWD"/>
  <testcase name="PageOpen" time="14.945" classname="ELC.Exit.Yogesh.LWD"/>
  <testcase name="Search" time="6.987" classname="ELC.Exit.Yogesh.LWD"/>
  <testcase name="Update" time="7.673" classname="ELC.Exit.Yogesh.LWD"/>
</testsuite> <!-- e -->
