<?xml version="1.0" encoding="UTF-8"?>
<!-- Generated by org.testng.reporters.JUnitXMLReporter -->
<testsuite hostname="OSO-DTP-057" name="f" tests="3" failures="1" timestamp="17 Oct 2016 05:07:04 GMT" time="73.561" errors="0">
  <testcase name="Login" time="0.033" classname="ELC.Exit.Yogesh.HandOverRequest"/>
  <testcase name="PageOpen" time="13.636" classname="ELC.Exit.Yogesh.HandOverRequest"/>
  <testcase name="handoverrequestdata" time="45.563" classname="ELC.Exit.Yogesh.HandOverRequest">
    <failure type="java.lang.AssertionError" message="null">
      <![CDATA[java.lang.AssertionError: null
	at ELC.Exit.Yogesh.HandOverRequest.handoverrequestdata(HandOverRequest.java:274)
... Removed 26 stack frames]]>
    </failure>
  </testcase> <!-- handoverrequestdata -->
</testsuite> <!-- f -->
