<?xml version="1.0" encoding="UTF-8"?>
<!-- Generated by org.testng.reporters.JUnitXMLReporter -->
<testsuite hostname="OSO-DTP-057" name="g" tests="1" failures="1" timestamp="17 Oct 2016 05:08:26 GMT" time="82.542" errors="0">
  <testcase name="HhandOverAcceptance" time="81.833" classname="ELC.Exit.Yogesh.HandOverAcceptance">
    <failure type="java.lang.AssertionError" message="null">
      <![CDATA[java.lang.AssertionError: null
	at ELC.Exit.Yogesh.HandOverAcceptance.HhandOverAcceptance(HandOverAcceptance.java:315)
... Removed 26 stack frames]]>
    </failure>
  </testcase> <!-- HhandOverAcceptance -->
</testsuite> <!-- g -->
